<?xml version="1.0" encoding="utf-8"?><testsuites name="pytest tests"><testsuite name="pytest" errors="0" failures="0" skipped="3" tests="101" time="0.822" timestamp="2025-10-03T01:26:06.358569-04:00" hostname="Mac.lan"><testcase classname="src.gmail_client_impl.tests.test_authentication.TestGmailClientAuthentication" name="test_init_with_provided_service_skips_auth" time="0.001" /><testcase classname="src.gmail_client_impl.tests.test_authentication.TestGmailClientAuthentication" name="test_init_with_env_vars_success" time="0.003" /><testcase classname="src.gmail_client_impl.tests.test_authentication.TestGmailClientAuthentication" name="test_init_with_custom_token_uri" time="0.002" /><testcase classname="src.gmail_client_impl.tests.test_authentication.TestGmailClientAuthentication" name="test_init_env_vars_refresh_failure" time="0.002" /><testcase classname="src.gmail_client_impl.tests.test_authentication.TestGmailClientAuthentication" name="test_init_with_token_file_success" time="0.001" /><testcase classname="src.gmail_client_impl.tests.test_authentication.TestGmailClientAuthentication" name="test_init_token_file_needs_refresh" time="0.002" /><testcase classname="src.gmail_client_impl.tests.test_authentication.TestGmailClientAuthentication" name="test_init_interactive_mode_forces_flow" time="0.001" /><testcase classname="src.gmail_client_impl.tests.test_authentication.TestGmailClientAuthentication" name="test_init_no_valid_credentials_raises_error" time="0.001" /><testcase classname="src.gmail_client_impl.tests.test_authentication.TestGmailClientAuthentication" name="test_build_service_failure" time="0.001" /><testcase classname="src.gmail_client_impl.tests.test_authentication.TestGmailClientHelperMethods" name="test_run_interactive_flow_success" time="0.001" /><testcase classname="src.gmail_client_impl.tests.test_authentication.TestGmailClientHelperMethods" name="test_run_interactive_flow_missing_credentials" time="0.001" /><testcase classname="src.gmail_client_impl.tests.test_authentication.TestGmailClientHelperMethods" name="test_run_interactive_flow_exception" time="0.001" /><testcase classname="src.gmail_client_impl.tests.test_authentication.TestGmailClientHelperMethods" name="test_save_token_success" time="0.002" /><testcase classname="src.gmail_client_impl.tests.test_authentication.TestGmailClientHelperMethods" name="test_save_token_exception" time="0.001" /><testcase classname="src.gmail_client_impl.tests.test_authentication.TestGmailClientConstants" name="test_scopes_constant" time="0.000" /><testcase classname="src.gmail_client_impl.tests.test_authentication.TestGmailClientConstants" name="test_failure_message_constant" time="0.000" /><testcase classname="src.gmail_client_impl.tests.test_core_methods.TestGmailClientCoreMethods" name="test_get_message_success" time="0.001" /><testcase classname="src.gmail_client_impl.tests.test_core_methods.TestGmailClientCoreMethods" name="test_get_message_no_raw_content" time="0.001" /><testcase classname="src.gmail_client_impl.tests.test_core_methods.TestGmailClientCoreMethods" name="test_get_message_api_exception" time="0.001" /><testcase classname="src.gmail_client_impl.tests.test_core_methods.TestGmailClientCoreMethods" name="test_delete_message_success" time="0.001" /><testcase classname="src.gmail_client_impl.tests.test_core_methods.TestGmailClientCoreMethods" name="test_delete_message_api_exception" time="0.001" /><testcase classname="src.gmail_client_impl.tests.test_core_methods.TestGmailClientCoreMethods" name="test_mark_as_read_success" time="0.001" /><testcase classname="src.gmail_client_impl.tests.test_core_methods.TestGmailClientCoreMethods" name="test_mark_as_read_api_exception" time="0.001" /><testcase classname="src.gmail_client_impl.tests.test_core_methods.TestGmailClientCoreMethods" name="test_get_messages_success" time="0.002" /><testcase classname="src.gmail_client_impl.tests.test_core_methods.TestGmailClientCoreMethods" name="test_get_messages_empty_inbox" time="0.001" /><testcase classname="src.gmail_client_impl.tests.test_core_methods.TestGmailClientCoreMethods" name="test_get_messages_no_messages_key" time="0.001" /><testcase classname="src.gmail_client_impl.tests.test_core_methods.TestGmailClientCoreMethods" name="test_get_messages_message_without_id" time="0.001" /><testcase classname="src.gmail_client_impl.tests.test_core_methods.TestGmailClientCoreMethods" name="test_get_messages_message_without_raw_content" time="0.002" /><testcase classname="src.gmail_client_impl.tests.test_core_methods.TestGmailClientCoreMethods" name="test_get_messages_default_max_results" time="0.001" /><testcase classname="src.gmail_client_impl.tests.test_gmail_message_edge_cases.TestEdgeCases" name="test_extremely_large_message_id" time="0.000" /><testcase classname="src.gmail_client_impl.tests.test_gmail_message_edge_cases.TestEdgeCases" name="test_unicode_in_message_content" time="0.000" /><testcase classname="src.gmail_client_impl.tests.test_gmail_message_edge_cases.TestEdgeCases" name="test_very_long_subject_line" time="0.000" /><testcase classname="src.gmail_client_impl.tests.test_gmail_message_edge_cases.TestEdgeCases" name="test_very_long_message_body" time="0.000" /><testcase classname="src.gmail_client_impl.tests.test_gmail_message_edge_cases.TestEdgeCases" name="test_malformed_headers" time="0.000" /><testcase classname="src.gmail_client_impl.tests.test_gmail_message_edge_cases.TestEdgeCases" name="test_binary_data_in_raw_input" time="0.000" /><testcase classname="src.gmail_client_impl.tests.test_gmail_message_edge_cases.TestEdgeCases" name="test_empty_raw_data" time="0.000" /><testcase classname="src.gmail_client_impl.tests.test_gmail_message_edge_cases.TestEdgeCases" name="test_whitespace_only_raw_data" time="0.000" /><testcase classname="src.gmail_client_impl.tests.test_gmail_message_edge_cases.TestEdgeCases" name="test_non_ascii_message_id" time="0.000" /><testcase classname="src.gmail_client_impl.tests.test_gmail_message_edge_cases.TestEdgeCases" name="test_deeply_nested_multipart_message" time="0.001" /><testcase classname="src.gmail_client_impl.tests.test_gmail_message_edge_cases.TestEdgeCases" name="test_message_with_null_bytes" time="0.000" /><testcase classname="src.gmail_client_impl.tests.test_gmail_message_edge_cases.TestEdgeCases" name="test_repeated_property_access" time="0.000" /><testcase classname="src.gmail_client_impl.tests.test_gmail_message_edge_cases.TestEdgeCases" name="test_message_with_only_headers_no_body" time="0.000" /><testcase classname="src.gmail_client_impl.tests.test_gmail_message_impl.TestGmailMessage" name="test_basic_message_creation" time="0.000" /><testcase classname="src.gmail_client_impl.tests.test_gmail_message_impl.TestGmailMessage" name="test_message_with_encoded_subject" time="0.001" /><testcase classname="src.gmail_client_impl.tests.test_gmail_message_impl.TestGmailMessage" name="test_multipart_message" time="0.002" /><testcase classname="src.gmail_client_impl.tests.test_gmail_message_impl.TestGmailMessage" name="test_date_parsing_fallback" time="0.000" /><testcase classname="src.gmail_client_impl.tests.test_gmail_message_impl.TestGmailMessage" name="test_subject_without_encoding" time="0.000" /><testcase classname="src.gmail_client_impl.tests.test_gmail_message_impl.TestGmailMessage" name="test_message_with_attachment" time="0.002" /><testcase classname="src.gmail_client_impl.tests.test_gmail_message_impl.TestGmailMessage" name="test_message_body_encoding" time="0.000" /><testcase classname="src.gmail_client_impl.tests.test_gmail_message_impl.TestGmailMessage" name="test_message_without_plain_text_body" time="0.001" /><testcase classname="src.gmail_client_impl.tests.test_registration" name="test_register_binds_factories" time="0.000" /><testcase classname="src.mail_client_api.tests.test_mail_client_api" name="test_client_get_messages" time="0.003" /><testcase classname="src.mail_client_api.tests.test_mail_client_api" name="test_client_get_message" time="0.001" /><testcase classname="src.mail_client_api.tests.test_mail_client_api" name="test_client_delete_message" time="0.000" /><testcase classname="src.mail_client_api.tests.test_mail_client_api" name="test_client_mark_as_read" time="0.000" /><testcase classname="src.mail_client_api.tests.test_message_abstraction" name="test_message_abstraction_comprehensive" time="0.000" /><testcase classname="src.mail_client_service.tests.test_api_endpoints" name="test_get_messages_success" time="0.012" /><testcase classname="src.mail_client_service.tests.test_api_endpoints" name="test_get_messages_empty" time="0.004" /><testcase classname="src.mail_client_service.tests.test_api_endpoints" name="test_get_messages_500" time="0.005" /><testcase classname="src.mail_client_service.tests.test_api_endpoints" name="test_get_message_ok" time="0.005" /><testcase classname="src.mail_client_service.tests.test_api_endpoints" name="test_get_message_not_found" time="0.004" /><testcase classname="src.mail_client_service.tests.test_api_endpoints" name="test_get_message_500" time="0.004" /><testcase classname="src.mail_client_service.tests.test_api_endpoints" name="test_delete_message_ok" time="0.005" /><testcase classname="src.mail_client_service.tests.test_api_endpoints" name="test_delete_message_not_found" time="0.004" /><testcase classname="src.mail_client_service.tests.test_api_endpoints" name="test_delete_message_failed_returns_500" time="0.004" /><testcase classname="src.mail_client_service.tests.test_api_endpoints" name="test_delete_message_500" time="0.004" /><testcase classname="src.mail_client_service.tests.test_api_endpoints" name="test_mark_as_read_ok" time="0.004" /><testcase classname="src.mail_client_service.tests.test_api_endpoints" name="test_mark_as_read_not_found" time="0.004" /><testcase classname="src.mail_client_service.tests.test_api_endpoints" name="test_mark_as_read_failed_returns_500" time="0.004" /><testcase classname="src.mail_client_service.tests.test_api_endpoints" name="test_mark_as_read_500" time="0.004" /><testcase classname="src.mail_client_service.tests.test_api_endpoints" name="test_api_import_fallback_to_mock_client" time="0.002" /><testcase classname="src.mail_client_service.tests.test_api_endpoints" name="test_api_import_rethrows_other_runtimeerror" time="0.000" /><testcase classname="src.mail_client_service.tests.test_api_endpoints" name="test_import_main_for_coverage" time="0.006" /><testcase classname="src.mail_client_service.tests.test_api_endpoints" name="test_import_test_module_for_coverage" time="0.003" /><testcase classname="src.mail_client_service.tests.test_service_client.TestServiceMessage" name="test_service_message_properties" time="0.000" /><testcase classname="src.mail_client_service.tests.test_service_client.TestServiceClient" name="test_init" time="0.017" /><testcase classname="src.mail_client_service.tests.test_service_client.TestServiceClient" name="test_get_message_success" time="0.001" /><testcase classname="src.mail_client_service.tests.test_service_client.TestServiceClient" name="test_get_message_not_found" time="0.001" /><testcase classname="src.mail_client_service.tests.test_service_client.TestServiceClient" name="test_delete_message_success" time="0.001" /><testcase classname="src.mail_client_service.tests.test_service_client.TestServiceClient" name="test_delete_message_failure" time="0.000" /><testcase classname="src.mail_client_service.tests.test_service_client.TestServiceClient" name="test_delete_message_none_response" time="0.000" /><testcase classname="src.mail_client_service.tests.test_service_client.TestServiceClient" name="test_mark_as_read_success" time="0.000" /><testcase classname="src.mail_client_service.tests.test_service_client.TestServiceClient" name="test_mark_as_read_failure" time="0.001" /><testcase classname="src.mail_client_service.tests.test_service_client.TestServiceClient" name="test_get_messages_success" time="0.000" /><testcase classname="src.mail_client_service.tests.test_service_client.TestServiceClient" name="test_get_messages_empty" time="0.000" /><testcase classname="src.mail_client_service.tests.test_service_client.TestServiceClient" name="test_get_messages_default_limit" time="0.000" /><testcase classname="tests.e2e.test_main_application" name="test_main_script_with_env_vars_only" time="0.000"><skipped type="pytest.skip" message="Missing required environment variables for CI test: ['GMAIL_CLIENT_ID', 'GMAIL_CLIENT_SECRET', 'GMAIL_REFRESH_TOKEN']">/Users/shriranjanpatil/Data/NYU/Fall_25/OSPD/old_commit/tests/e2e/test_main_application.py:94: Missing required environment variables for CI test: ['GMAIL_CLIENT_ID', 'GMAIL_CLIENT_SECRET', 'GMAIL_REFRESH_TOKEN']</skipped></testcase><testcase classname="tests.e2e.test_main_application" name="test_main_script_syntax_is_valid" time="0.024" /><testcase classname="tests.e2e.test_main_application" name="test_main_script_imports_work" time="0.119" /><testcase classname="tests.e2e.test_main_application" name="test_application_structure_integrity" time="0.000" /><testcase classname="tests.integration.test_client_integration" name="test_get_client_and_authenticate" time="0.000"><skipped type="pytest.skip" message="Skipping integration test: no credentials available.">/Users/shriranjanpatil/Data/NYU/Fall_25/OSPD/old_commit/tests/integration/test_client_integration.py:28: Skipping integration test: no credentials available.</skipped></testcase><testcase classname="tests.integration.test_client_integration" name="test_dependency_injection_works" time="0.000" /><testcase classname="tests.integration.test_client_integration" name="test_message_dependency_injection" time="0.001" /><testcase classname="tests.integration.test_client_integration" name="test_client_scope_permissions" time="0.000"><skipped type="pytest.skip" message="Skipping integration test: no credentials available.">/Users/shriranjanpatil/Data/NYU/Fall_25/OSPD/old_commit/tests/integration/test_client_integration.py:141: Skipping integration test: no credentials available.</skipped></testcase><testcase classname="tests.integration.test_client_integration" name="test_client_initialization_modes" time="0.000" /><testcase classname="tests.integration.test_service_integration" name="test_service_client_integration" time="0.000" /><testcase classname="tests.integration.test_service_integration" name="test_service_mark_as_read_integration" time="0.035" /><testcase classname="tests.integration.test_service_integration" name="test_service_delete_message_integration" time="0.029" /><testcase classname="tests.integration.test_service_integration" name="test_service_error_handling_integration" time="0.015" /><testcase classname="tests.integration.test_service_integration" name="test_service_client_to_service_integration" time="0.013" /><testcase classname="tests.integration.test_service_integration" name="test_service_message_wrapper_integration" time="0.000" /></testsuite></testsuites>